********************************************************************************
DUPLICATOR-LITE PACKAGE-LOG: October 18, 2020 4:41 am
NOTICE: Do NOT post to public sites or forums 
********************************************************************************
VERSION:	1.3.38
WORDPRESS:	5.5.1
PHP INFO:	7.2.33 | SAPI: apache2handler
SERVER:		Apache/2.4.46 (Win64) OpenSSL/1.1.1g PHP/7.2.33 
PHP TIME LIMIT: (0) no time limit imposed 
PHP MAX MEMORY: 4294967296 (1024M default) 
MEMORY STACK: 8MB

********************************************************************************
DATABASE:
********************************************************************************
BUILD MODE:   MYSQLDUMP
MYSQLTIMEOUT: 5000
MYSQLDUMP:    Is Supported
SQL CREATED: final_Cricket2_dcd8be954387e6ae3885_20201018044026_database.sql
SQL FILE SIZE: 1.26MB (1323262)
SQL FILE TIME: 2020-10-18 04:41:18
SQL RUNTIME: 1.92 sec.

********************************************************************************
ARCHIVE (ZIP):
********************************************************************************
ARCHIVE DIR:  E:/xampp/htdocs/bd_cricket2
ARCHIVE FILE: final_Cricket2_dcd8be954387e6ae3885_20201018044026_archive.zip
FILTERS: *OFF*
DIRS:
	not set
FILES:
	not set
EXTS:  not set
----------------------------------------
COMPRESSING
SIZE:	155.3MB
STATS:	Dirs 890 | Files 5,816
SQL ADDED: final_Cricket2_dcd8be954387e6ae3885_20201018044026_database.sql
ZipArchive Object
(
    [status] => 0
    [statusSys] => 0
    [numFiles] => 6706
    [filename] => E:\xampp\htdocs\bd_cricket2\wp-content\backups-dup-lite\tmp\final_Cricket2_dcd8be954387e6ae3885_20201018044026_archive.zip
    [comment] => 
)

FILE ADDED TO ZIP: 6705
COMPRESSION RESULT: '1'
COMPRESSED SIZE: 71.58MB
ARCHIVE RUNTIME: 44.50 sec.
MEMORY STACK: 10MB
building installer
add_extra_files1
add_extra_files2
add_extra_files3
add_extra_files4
Doing archive file check
add_extra_files5
add_extra_files6
add_extra_files8
Successfully opened zip E:/xampp/htdocs/bd_cricket2/wp-content/backups-dup-lite/tmp/final_Cricket2_dcd8be954387e6ae3885_20201018044026_archive.zip
Adding enhanced installer files to archive using ZipArchive
Installer files added to archive
Added to archive
After ziparchive close when adding installer

********************************************************************************
INTEGRITY CHECKS:
********************************************************************************
SQL FILE: 1.26MB
INSTALLER FILE: 61.31KB
ARCHIVE FILE: 73.08MB 
EXPECTED FILE/DIRECTORY COUNT: 6,706
ACTUAL FILE/DIRECTORY COUNT: 6,705
ARCHIVE CONSISTENCY TEST: Pass

********************************************************************************
RECORD ID:[5]
TOTAL PROCESS RUNTIME: 48.36 sec.
PEAK PHP MEMORY USED: 10MB
DONE PROCESSING => final_Cricket2 October 18, 2020 4:42 am

